#! /home1/c/cis5710/tools/bin/vvp
:ivl_version "11.0 (stable)" "(v11_0)";
:ivl_delay_selection "TYPICAL";
:vpi_time_precision - 12;
:vpi_module "/home1/c/cis5710/tools/lib/ivl/system.vpi";
:vpi_module "/home1/c/cis5710/tools/lib/ivl/vhdl_sys.vpi";
:vpi_module "/home1/c/cis5710/tools/lib/ivl/vhdl_textio.vpi";
:vpi_module "/home1/c/cis5710/tools/lib/ivl/v2005_math.vpi";
:vpi_module "/home1/c/cis5710/tools/lib/ivl/va_math.vpi";
S_0xbf97e0 .scope module, "test_adders" "test_adders" 2 14;
 .timescale -9 -12;
L_0x7f08eaa36060 .functor BUFT 1, C4<0>, C4<0>, C4<0>, C4<0>;
v0xc2f030_0 .net *"_ivl_10", 0 0, L_0x7f08eaa36060;  1 drivers
v0xc2f110_0 .net *"_ivl_11", 1 0, L_0xc31c70;  1 drivers
v0xc2f1f0_0 .net *"_ivl_13", 1 0, L_0xc31e20;  1 drivers
L_0x7f08eaa360a8 .functor BUFT 1, C4<0>, C4<0>, C4<0>, C4<0>;
v0xc2f2e0_0 .net *"_ivl_16", 0 0, L_0x7f08eaa360a8;  1 drivers
v0xc2f3c0_0 .net *"_ivl_17", 1 0, L_0xc31f50;  1 drivers
v0xc2f4f0_0 .net *"_ivl_22", 2 0, L_0xc32ee0;  1 drivers
L_0x7f08eaa360f0 .functor BUFT 1, C4<0>, C4<0>, C4<0>, C4<0>;
v0xc2f5d0_0 .net *"_ivl_25", 0 0, L_0x7f08eaa360f0;  1 drivers
v0xc2f6b0_0 .net *"_ivl_26", 2 0, L_0xc33070;  1 drivers
L_0x7f08eaa36138 .functor BUFT 1, C4<0>, C4<0>, C4<0>, C4<0>;
v0xc2f790_0 .net *"_ivl_29", 0 0, L_0x7f08eaa36138;  1 drivers
v0xc2f900_0 .net *"_ivl_3", 1 0, L_0xc31a60;  1 drivers
v0xc2f9e0_0 .net *"_ivl_30", 2 0, L_0xc331a0;  1 drivers
v0xc2fac0_0 .net *"_ivl_32", 2 0, L_0xc333c0;  1 drivers
L_0x7f08eaa36180 .functor BUFT 1, C4<00>, C4<0>, C4<0>, C4<0>;
v0xc2fba0_0 .net *"_ivl_35", 1 0, L_0x7f08eaa36180;  1 drivers
v0xc2fc80_0 .net *"_ivl_36", 2 0, L_0xc334b0;  1 drivers
v0xc2fd60_0 .net *"_ivl_42", 3 0, L_0xc35a20;  1 drivers
L_0x7f08eaa36018 .functor BUFT 1, C4<0>, C4<0>, C4<0>, C4<0>;
v0xc2fe40_0 .net *"_ivl_6", 0 0, L_0x7f08eaa36018;  1 drivers
v0xc2ff20_0 .net *"_ivl_7", 1 0, L_0xc31b50;  1 drivers
v0xc30000_0 .var "a", 0 0;
v0xc300a0_0 .var "a2", 1 0;
v0xc30160_0 .var "a4", 3 0;
v0xc30220_0 .net "actual_fa2_cout", 0 0, L_0xc329a0;  1 drivers
v0xc302c0_0 .net "actual_fa2_sum", 1 0, L_0xc32cb0;  1 drivers
v0xc30380_0 .net "actual_fa_cout", 0 0, L_0xc317d0;  1 drivers
v0xc30450_0 .net "actual_fa_sum", 0 0, L_0xc31600;  1 drivers
v0xc30540_0 .net "actual_ha_cout", 0 0, L_0xc31430;  1 drivers
v0xc305e0_0 .net "actual_ha_sum", 0 0, L_0xc312a0;  1 drivers
v0xc306b0_0 .net "actual_rca4_sum", 7 0, L_0xc356c0;  1 drivers
v0xc30780_0 .var "b", 0 0;
v0xc30820_0 .var "b2", 1 0;
v0xc308f0_0 .var "b4", 3 0;
v0xc30990_0 .var "cin", 0 0;
v0xc30a30_0 .var/i "errors", 31 0;
v0xc30ad0_0 .net "exp_fa2_cout", 0 0, L_0xc32d50;  1 drivers
v0xc30da0_0 .net "exp_fa2_sum", 1 0, L_0xc32e40;  1 drivers
v0xc30e80_0 .net "exp_fa_cout", 0 0, L_0xc318d0;  1 drivers
v0xc30f40_0 .net "exp_fa_sum", 0 0, L_0xc31970;  1 drivers
v0xc31000_0 .net "exp_rca4_sum", 3 0, L_0xc358f0;  1 drivers
v0xc310e0_0 .var/i "i", 31 0;
v0xc311c0_0 .var/i "tests", 31 0;
L_0xc318d0 .part L_0xc31f50, 1, 1;
L_0xc31970 .part L_0xc31f50, 0, 1;
L_0xc31a60 .concat [ 1 1 0 0], v0xc30000_0, L_0x7f08eaa36018;
L_0xc31b50 .concat [ 1 1 0 0], v0xc30780_0, L_0x7f08eaa36060;
L_0xc31c70 .arith/sum 2, L_0xc31a60, L_0xc31b50;
L_0xc31e20 .concat [ 1 1 0 0], v0xc30990_0, L_0x7f08eaa360a8;
L_0xc31f50 .arith/sum 2, L_0xc31c70, L_0xc31e20;
L_0xc32d50 .part L_0xc334b0, 2, 1;
L_0xc32e40 .part L_0xc334b0, 0, 2;
L_0xc32ee0 .concat [ 2 1 0 0], v0xc300a0_0, L_0x7f08eaa360f0;
L_0xc33070 .concat [ 2 1 0 0], v0xc30820_0, L_0x7f08eaa36138;
L_0xc331a0 .arith/sum 3, L_0xc32ee0, L_0xc33070;
L_0xc333c0 .concat [ 1 2 0 0], v0xc30990_0, L_0x7f08eaa36180;
L_0xc334b0 .arith/sum 3, L_0xc331a0, L_0xc333c0;
L_0xc35850 .concat [ 4 4 0 0], v0xc30160_0, v0xc308f0_0;
L_0xc358f0 .part L_0xc35a20, 0, 4;
L_0xc35a20 .arith/sum 4, v0xc30160_0, v0xc308f0_0;
S_0xbf4590 .scope module, "fa" "fulladder" 2 31, 3 20 0, S_0xbf97e0;
 .timescale -9 -12;
    .port_info 0 /INPUT 1 "cin";
    .port_info 1 /INPUT 1 "a";
    .port_info 2 /INPUT 1 "b";
    .port_info 3 /OUTPUT 1 "s";
    .port_info 4 /OUTPUT 1 "cout";
L_0xc317d0 .functor OR 1, L_0xc31570, L_0xc31740, C4<0>, C4<0>;
v0xc24290_0 .net "a", 0 0, v0xc30000_0;  1 drivers
v0xc24350_0 .net "b", 0 0, v0xc30780_0;  1 drivers
v0xc24420_0 .net "cin", 0 0, v0xc30990_0;  1 drivers
v0xc24520_0 .net "cout", 0 0, L_0xc317d0;  alias, 1 drivers
v0xc245c0_0 .net "cout_tmp1", 0 0, L_0xc31570;  1 drivers
v0xc246b0_0 .net "cout_tmp2", 0 0, L_0xc31740;  1 drivers
v0xc24780_0 .net "s", 0 0, L_0xc31600;  alias, 1 drivers
v0xc24850_0 .net "s_tmp", 0 0, L_0xc314c0;  1 drivers
S_0xbfa1c0 .scope module, "h0" "halfadder" 3 27, 3 10 0, S_0xbf4590;
 .timescale -9 -12;
    .port_info 0 /INPUT 1 "a";
    .port_info 1 /INPUT 1 "b";
    .port_info 2 /OUTPUT 1 "s";
    .port_info 3 /OUTPUT 1 "cout";
L_0xc314c0 .functor XOR 1, v0xc30000_0, v0xc30780_0, C4<0>, C4<0>;
L_0xc31570 .functor AND 1, v0xc30000_0, v0xc30780_0, C4<1>, C4<1>;
v0xbf55b0_0 .net "a", 0 0, v0xc30000_0;  alias, 1 drivers
v0xc23a70_0 .net "b", 0 0, v0xc30780_0;  alias, 1 drivers
v0xc23b30_0 .net "cout", 0 0, L_0xc31570;  alias, 1 drivers
v0xc23bd0_0 .net "s", 0 0, L_0xc314c0;  alias, 1 drivers
S_0xc23d10 .scope module, "h1" "halfadder" 3 28, 3 10 0, S_0xbf4590;
 .timescale -9 -12;
    .port_info 0 /INPUT 1 "a";
    .port_info 1 /INPUT 1 "b";
    .port_info 2 /OUTPUT 1 "s";
    .port_info 3 /OUTPUT 1 "cout";
L_0xc31600 .functor XOR 1, L_0xc314c0, v0xc30990_0, C4<0>, C4<0>;
L_0xc31740 .functor AND 1, L_0xc314c0, v0xc30990_0, C4<1>, C4<1>;
v0xc23f10_0 .net "a", 0 0, L_0xc314c0;  alias, 1 drivers
v0xc23fb0_0 .net "b", 0 0, v0xc30990_0;  alias, 1 drivers
v0xc24050_0 .net "cout", 0 0, L_0xc31740;  alias, 1 drivers
v0xc24120_0 .net "s", 0 0, L_0xc31600;  alias, 1 drivers
S_0xc24940 .scope module, "fa2" "fulladder2" 2 39, 3 33 0, S_0xbf97e0;
 .timescale -9 -12;
    .port_info 0 /INPUT 1 "cin";
    .port_info 1 /INPUT 2 "a";
    .port_info 2 /INPUT 2 "b";
    .port_info 3 /OUTPUT 2 "s";
    .port_info 4 /OUTPUT 1 "cout";
v0xc274a0_0 .net "a", 1 0, v0xc300a0_0;  1 drivers
v0xc275a0_0 .net "b", 1 0, v0xc30820_0;  1 drivers
v0xc27680_0 .net "cin", 0 0, v0xc30990_0;  alias, 1 drivers
v0xc27720_0 .net "cout", 0 0, L_0xc329a0;  alias, 1 drivers
v0xc277f0_0 .net "cout_tmp", 0 0, L_0xc32320;  1 drivers
v0xc27890_0 .net "s", 1 0, L_0xc32cb0;  alias, 1 drivers
L_0xc323b0 .part v0xc300a0_0, 0, 1;
L_0xc32470 .part v0xc30820_0, 0, 1;
L_0xc32a50 .part v0xc300a0_0, 1, 1;
L_0xc32b80 .part v0xc30820_0, 1, 1;
L_0xc32cb0 .concat8 [ 1 1 0 0], L_0xc321f0, L_0xc32780;
S_0xc24b20 .scope module, "a0" "fulladder" 3 40, 3 20 0, S_0xc24940;
 .timescale -9 -12;
    .port_info 0 /INPUT 1 "cin";
    .port_info 1 /INPUT 1 "a";
    .port_info 2 /INPUT 1 "b";
    .port_info 3 /OUTPUT 1 "s";
    .port_info 4 /OUTPUT 1 "cout";
L_0xc32320 .functor OR 1, L_0xc32130, L_0xc322b0, C4<0>, C4<0>;
v0xc25970_0 .net "a", 0 0, L_0xc323b0;  1 drivers
v0xc25a30_0 .net "b", 0 0, L_0xc32470;  1 drivers
v0xc25b00_0 .net "cin", 0 0, v0xc30990_0;  alias, 1 drivers
v0xc25bd0_0 .net "cout", 0 0, L_0xc32320;  alias, 1 drivers
v0xc25c70_0 .net "cout_tmp1", 0 0, L_0xc32130;  1 drivers
v0xc25d60_0 .net "cout_tmp2", 0 0, L_0xc322b0;  1 drivers
v0xc25e30_0 .net "s", 0 0, L_0xc321f0;  1 drivers
v0xc25f00_0 .net "s_tmp", 0 0, L_0xc31d10;  1 drivers
S_0xc24db0 .scope module, "h0" "halfadder" 3 27, 3 10 0, S_0xc24b20;
 .timescale -9 -12;
    .port_info 0 /INPUT 1 "a";
    .port_info 1 /INPUT 1 "b";
    .port_info 2 /OUTPUT 1 "s";
    .port_info 3 /OUTPUT 1 "cout";
L_0xc31d10 .functor XOR 1, L_0xc323b0, L_0xc32470, C4<0>, C4<0>;
L_0xc32130 .functor AND 1, L_0xc323b0, L_0xc32470, C4<1>, C4<1>;
v0xc24fe0_0 .net "a", 0 0, L_0xc323b0;  alias, 1 drivers
v0xc250c0_0 .net "b", 0 0, L_0xc32470;  alias, 1 drivers
v0xc25180_0 .net "cout", 0 0, L_0xc32130;  alias, 1 drivers
v0xc25250_0 .net "s", 0 0, L_0xc31d10;  alias, 1 drivers
S_0xc253c0 .scope module, "h1" "halfadder" 3 28, 3 10 0, S_0xc24b20;
 .timescale -9 -12;
    .port_info 0 /INPUT 1 "a";
    .port_info 1 /INPUT 1 "b";
    .port_info 2 /OUTPUT 1 "s";
    .port_info 3 /OUTPUT 1 "cout";
L_0xc321f0 .functor XOR 1, L_0xc31d10, v0xc30990_0, C4<0>, C4<0>;
L_0xc322b0 .functor AND 1, L_0xc31d10, v0xc30990_0, C4<1>, C4<1>;
v0xc255c0_0 .net "a", 0 0, L_0xc31d10;  alias, 1 drivers
v0xc25690_0 .net "b", 0 0, v0xc30990_0;  alias, 1 drivers
v0xc25780_0 .net "cout", 0 0, L_0xc322b0;  alias, 1 drivers
v0xc25820_0 .net "s", 0 0, L_0xc321f0;  alias, 1 drivers
S_0xc25ff0 .scope module, "a1" "fulladder" 3 41, 3 20 0, S_0xc24940;
 .timescale -9 -12;
    .port_info 0 /INPUT 1 "cin";
    .port_info 1 /INPUT 1 "a";
    .port_info 2 /INPUT 1 "b";
    .port_info 3 /OUTPUT 1 "s";
    .port_info 4 /OUTPUT 1 "cout";
L_0xc329a0 .functor OR 1, L_0xc326a0, L_0xc32910, C4<0>, C4<0>;
v0xc26e00_0 .net "a", 0 0, L_0xc32a50;  1 drivers
v0xc26ec0_0 .net "b", 0 0, L_0xc32b80;  1 drivers
v0xc26f90_0 .net "cin", 0 0, L_0xc32320;  alias, 1 drivers
v0xc270b0_0 .net "cout", 0 0, L_0xc329a0;  alias, 1 drivers
v0xc27150_0 .net "cout_tmp1", 0 0, L_0xc326a0;  1 drivers
v0xc27240_0 .net "cout_tmp2", 0 0, L_0xc32910;  1 drivers
v0xc272e0_0 .net "s", 0 0, L_0xc32780;  1 drivers
v0xc273b0_0 .net "s_tmp", 0 0, L_0xc325a0;  1 drivers
S_0xc26270 .scope module, "h0" "halfadder" 3 27, 3 10 0, S_0xc25ff0;
 .timescale -9 -12;
    .port_info 0 /INPUT 1 "a";
    .port_info 1 /INPUT 1 "b";
    .port_info 2 /OUTPUT 1 "s";
    .port_info 3 /OUTPUT 1 "cout";
L_0xc325a0 .functor XOR 1, L_0xc32a50, L_0xc32b80, C4<0>, C4<0>;
L_0xc326a0 .functor AND 1, L_0xc32a50, L_0xc32b80, C4<1>, C4<1>;
v0xc26480_0 .net "a", 0 0, L_0xc32a50;  alias, 1 drivers
v0xc26560_0 .net "b", 0 0, L_0xc32b80;  alias, 1 drivers
v0xc26620_0 .net "cout", 0 0, L_0xc326a0;  alias, 1 drivers
v0xc266f0_0 .net "s", 0 0, L_0xc325a0;  alias, 1 drivers
S_0xc26860 .scope module, "h1" "halfadder" 3 28, 3 10 0, S_0xc25ff0;
 .timescale -9 -12;
    .port_info 0 /INPUT 1 "a";
    .port_info 1 /INPUT 1 "b";
    .port_info 2 /OUTPUT 1 "s";
    .port_info 3 /OUTPUT 1 "cout";
L_0xc32780 .functor XOR 1, L_0xc325a0, L_0xc32320, C4<0>, C4<0>;
L_0xc32910 .functor AND 1, L_0xc325a0, L_0xc32320, C4<1>, C4<1>;
v0xc26a60_0 .net "a", 0 0, L_0xc325a0;  alias, 1 drivers
v0xc26b30_0 .net "b", 0 0, L_0xc32320;  alias, 1 drivers
v0xc26c00_0 .net "cout", 0 0, L_0xc32910;  alias, 1 drivers
v0xc26cd0_0 .net "s", 0 0, L_0xc32780;  alias, 1 drivers
S_0xc279d0 .scope module, "ha" "halfadder" 2 26, 3 10 0, S_0xbf97e0;
 .timescale -9 -12;
    .port_info 0 /INPUT 1 "a";
    .port_info 1 /INPUT 1 "b";
    .port_info 2 /OUTPUT 1 "s";
    .port_info 3 /OUTPUT 1 "cout";
L_0xc312a0 .functor XOR 1, v0xc30000_0, v0xc30780_0, C4<0>, C4<0>;
L_0xc31430 .functor AND 1, v0xc30000_0, v0xc30780_0, C4<1>, C4<1>;
v0xc27be0_0 .net "a", 0 0, v0xc30000_0;  alias, 1 drivers
v0xc27cd0_0 .net "b", 0 0, v0xc30780_0;  alias, 1 drivers
v0xc27de0_0 .net "cout", 0 0, L_0xc31430;  alias, 1 drivers
v0xc27e80_0 .net "s", 0 0, L_0xc312a0;  alias, 1 drivers
S_0xc27fa0 .scope task, "printPoints" "printPoints" 4 1, 4 1 0, S_0xbf97e0;
 .timescale -9 -12;
v0xc28180_0 .var "actual", 31 0;
v0xc28280_0 .var "possible", 31 0;
TD_test_adders.printPoints ;
    %vpi_call 4 4 "$display", "<scorePossible>%d</scorePossible>", v0xc28280_0 {0 0 0};
    %vpi_call 4 5 "$display", "<scoreActual>%d</scoreActual>", v0xc28180_0 {0 0 0};
    %end;
S_0xc28360 .scope module, "r0" "rca4" 2 45, 3 47 0, S_0xbf97e0;
 .timescale -9 -12;
    .port_info 0 /INPUT 8 "SWITCH";
    .port_info 1 /OUTPUT 8 "LED";
v0xc2ec90_0 .net "LED", 7 0, L_0xc356c0;  alias, 1 drivers
v0xc2ed90_0 .net "SWITCH", 7 0, L_0xc35850;  1 drivers
L_0x7f08eaa36210 .functor BUFT 1, C4<0000>, C4<0>, C4<0>, C4<0>;
v0xc2ee70_0 .net/2u *"_ivl_17", 3 0, L_0x7f08eaa36210;  1 drivers
v0xc2ef30_0 .net "cout0", 0 0, L_0xc34020;  1 drivers
L_0xc343d0 .part L_0xc35850, 0, 2;
L_0xc34470 .part L_0xc35850, 4, 2;
L_0xc354f0 .part L_0xc35850, 2, 2;
L_0xc35590 .part L_0xc35850, 6, 2;
L_0xc356c0 .concat8 [ 2 2 4 0], L_0xc34330, L_0xc35450, L_0x7f08eaa36210;
S_0xc285b0 .scope module, "a0" "fulladder2" 3 50, 3 33 0, S_0xc28360;
 .timescale -9 -12;
    .port_info 0 /INPUT 1 "cin";
    .port_info 1 /INPUT 2 "a";
    .port_info 2 /INPUT 2 "b";
    .port_info 3 /OUTPUT 2 "s";
    .port_info 4 /OUTPUT 1 "cout";
v0xc2b370_0 .net "a", 1 0, L_0xc343d0;  1 drivers
v0xc2b470_0 .net "b", 1 0, L_0xc34470;  1 drivers
L_0x7f08eaa361c8 .functor BUFT 1, C4<0>, C4<0>, C4<0>, C4<0>;
v0xc2b550_0 .net "cin", 0 0, L_0x7f08eaa361c8;  1 drivers
v0xc2b640_0 .net "cout", 0 0, L_0xc34020;  alias, 1 drivers
v0xc2b6e0_0 .net "cout_tmp", 0 0, L_0xc339b0;  1 drivers
v0xc2b7d0_0 .net "s", 1 0, L_0xc34330;  1 drivers
L_0xc33ad0 .part L_0xc343d0, 0, 1;
L_0xc33c00 .part L_0xc34470, 0, 1;
L_0xc340d0 .part L_0xc343d0, 1, 1;
L_0xc34200 .part L_0xc34470, 1, 1;
L_0xc34330 .concat8 [ 1 1 0 0], L_0xc33760, L_0xc33e50;
S_0xc28830 .scope module, "a0" "fulladder" 3 40, 3 20 0, S_0xc285b0;
 .timescale -9 -12;
    .port_info 0 /INPUT 1 "cin";
    .port_info 1 /INPUT 1 "a";
    .port_info 2 /INPUT 1 "b";
    .port_info 3 /OUTPUT 1 "s";
    .port_info 4 /OUTPUT 1 "cout";
L_0xc339b0 .functor OR 1, L_0xc33240, L_0xc338b0, C4<0>, C4<0>;
v0xc29750_0 .net "a", 0 0, L_0xc33ad0;  1 drivers
v0xc29810_0 .net "b", 0 0, L_0xc33c00;  1 drivers
v0xc298e0_0 .net "cin", 0 0, L_0x7f08eaa361c8;  alias, 1 drivers
v0xc299e0_0 .net "cout", 0 0, L_0xc339b0;  alias, 1 drivers
v0xc29a80_0 .net "cout_tmp1", 0 0, L_0xc33240;  1 drivers
v0xc29b70_0 .net "cout_tmp2", 0 0, L_0xc338b0;  1 drivers
v0xc29c40_0 .net "s", 0 0, L_0xc33760;  1 drivers
v0xc29d10_0 .net "s_tmp", 0 0, L_0xc33350;  1 drivers
S_0xc28ab0 .scope module, "h0" "halfadder" 3 27, 3 10 0, S_0xc28830;
 .timescale -9 -12;
    .port_info 0 /INPUT 1 "a";
    .port_info 1 /INPUT 1 "b";
    .port_info 2 /OUTPUT 1 "s";
    .port_info 3 /OUTPUT 1 "cout";
L_0xc33350 .functor XOR 1, L_0xc33ad0, L_0xc33c00, C4<0>, C4<0>;
L_0xc33240 .functor AND 1, L_0xc33ad0, L_0xc33c00, C4<1>, C4<1>;
v0xc28d50_0 .net "a", 0 0, L_0xc33ad0;  alias, 1 drivers
v0xc28e30_0 .net "b", 0 0, L_0xc33c00;  alias, 1 drivers
v0xc28ef0_0 .net "cout", 0 0, L_0xc33240;  alias, 1 drivers
v0xc28fc0_0 .net "s", 0 0, L_0xc33350;  alias, 1 drivers
S_0xc29130 .scope module, "h1" "halfadder" 3 28, 3 10 0, S_0xc28830;
 .timescale -9 -12;
    .port_info 0 /INPUT 1 "a";
    .port_info 1 /INPUT 1 "b";
    .port_info 2 /OUTPUT 1 "s";
    .port_info 3 /OUTPUT 1 "cout";
L_0xc33760 .functor XOR 1, L_0xc33350, L_0x7f08eaa361c8, C4<0>, C4<0>;
L_0xc338b0 .functor AND 1, L_0xc33350, L_0x7f08eaa361c8, C4<1>, C4<1>;
v0xc293a0_0 .net "a", 0 0, L_0xc33350;  alias, 1 drivers
v0xc29470_0 .net "b", 0 0, L_0x7f08eaa361c8;  alias, 1 drivers
v0xc29510_0 .net "cout", 0 0, L_0xc338b0;  alias, 1 drivers
v0xc295e0_0 .net "s", 0 0, L_0xc33760;  alias, 1 drivers
S_0xc29e00 .scope module, "a1" "fulladder" 3 41, 3 20 0, S_0xc285b0;
 .timescale -9 -12;
    .port_info 0 /INPUT 1 "cin";
    .port_info 1 /INPUT 1 "a";
    .port_info 2 /INPUT 1 "b";
    .port_info 3 /OUTPUT 1 "s";
    .port_info 4 /OUTPUT 1 "cout";
L_0xc34020 .functor OR 1, L_0xc33dc0, L_0xc33f90, C4<0>, C4<0>;
v0xc2acd0_0 .net "a", 0 0, L_0xc340d0;  1 drivers
v0xc2ad90_0 .net "b", 0 0, L_0xc34200;  1 drivers
v0xc2ae60_0 .net "cin", 0 0, L_0xc339b0;  alias, 1 drivers
v0xc2af80_0 .net "cout", 0 0, L_0xc34020;  alias, 1 drivers
v0xc2b020_0 .net "cout_tmp1", 0 0, L_0xc33dc0;  1 drivers
v0xc2b110_0 .net "cout_tmp2", 0 0, L_0xc33f90;  1 drivers
v0xc2b1b0_0 .net "s", 0 0, L_0xc33e50;  1 drivers
v0xc2b280_0 .net "s_tmp", 0 0, L_0xc33d30;  1 drivers
S_0xc2a060 .scope module, "h0" "halfadder" 3 27, 3 10 0, S_0xc29e00;
 .timescale -9 -12;
    .port_info 0 /INPUT 1 "a";
    .port_info 1 /INPUT 1 "b";
    .port_info 2 /OUTPUT 1 "s";
    .port_info 3 /OUTPUT 1 "cout";
L_0xc33d30 .functor XOR 1, L_0xc340d0, L_0xc34200, C4<0>, C4<0>;
L_0xc33dc0 .functor AND 1, L_0xc340d0, L_0xc34200, C4<1>, C4<1>;
v0xc2a2e0_0 .net "a", 0 0, L_0xc340d0;  alias, 1 drivers
v0xc2a3c0_0 .net "b", 0 0, L_0xc34200;  alias, 1 drivers
v0xc2a480_0 .net "cout", 0 0, L_0xc33dc0;  alias, 1 drivers
v0xc2a550_0 .net "s", 0 0, L_0xc33d30;  alias, 1 drivers
S_0xc2a6c0 .scope module, "h1" "halfadder" 3 28, 3 10 0, S_0xc29e00;
 .timescale -9 -12;
    .port_info 0 /INPUT 1 "a";
    .port_info 1 /INPUT 1 "b";
    .port_info 2 /OUTPUT 1 "s";
    .port_info 3 /OUTPUT 1 "cout";
L_0xc33e50 .functor XOR 1, L_0xc33d30, L_0xc339b0, C4<0>, C4<0>;
L_0xc33f90 .functor AND 1, L_0xc33d30, L_0xc339b0, C4<1>, C4<1>;
v0xc2a930_0 .net "a", 0 0, L_0xc33d30;  alias, 1 drivers
v0xc2aa00_0 .net "b", 0 0, L_0xc339b0;  alias, 1 drivers
v0xc2aad0_0 .net "cout", 0 0, L_0xc33f90;  alias, 1 drivers
v0xc2aba0_0 .net "s", 0 0, L_0xc33e50;  alias, 1 drivers
S_0xc2b910 .scope module, "a3" "fulladder2" 3 51, 3 33 0, S_0xc28360;
 .timescale -9 -12;
    .port_info 0 /INPUT 1 "cin";
    .port_info 1 /INPUT 2 "a";
    .port_info 2 /INPUT 2 "b";
    .port_info 3 /OUTPUT 2 "s";
    .port_info 4 /OUTPUT 1 "cout";
v0xc2e6d0_0 .net "a", 1 0, L_0xc354f0;  1 drivers
v0xc2e7d0_0 .net "b", 1 0, L_0xc35590;  1 drivers
v0xc2e8b0_0 .net "cin", 0 0, L_0xc34020;  alias, 1 drivers
v0xc2e9e0_0 .net "cout", 0 0, L_0xc350f0;  1 drivers
v0xc2eab0_0 .net "cout_tmp", 0 0, L_0xc34aa0;  1 drivers
v0xc2eb50_0 .net "s", 1 0, L_0xc35450;  1 drivers
L_0xc34b50 .part L_0xc354f0, 0, 1;
L_0xc34c80 .part L_0xc35590, 0, 1;
L_0xc351f0 .part L_0xc354f0, 1, 1;
L_0xc35320 .part L_0xc35590, 1, 1;
L_0xc35450 .concat8 [ 1 1 0 0], L_0xc34770, L_0xc34ed0;
S_0xc2bb90 .scope module, "a0" "fulladder" 3 40, 3 20 0, S_0xc2b910;
 .timescale -9 -12;
    .port_info 0 /INPUT 1 "cin";
    .port_info 1 /INPUT 1 "a";
    .port_info 2 /INPUT 1 "b";
    .port_info 3 /OUTPUT 1 "s";
    .port_info 4 /OUTPUT 1 "cout";
L_0xc34aa0 .functor OR 1, L_0xc34690, L_0xc34900, C4<0>, C4<0>;
v0xc2cac0_0 .net "a", 0 0, L_0xc34b50;  1 drivers
v0xc2cb80_0 .net "b", 0 0, L_0xc34c80;  1 drivers
v0xc2cc50_0 .net "cin", 0 0, L_0xc34020;  alias, 1 drivers
v0xc2cd20_0 .net "cout", 0 0, L_0xc34aa0;  alias, 1 drivers
v0xc2cdc0_0 .net "cout_tmp1", 0 0, L_0xc34690;  1 drivers
v0xc2ceb0_0 .net "cout_tmp2", 0 0, L_0xc34900;  1 drivers
v0xc2cf80_0 .net "s", 0 0, L_0xc34770;  1 drivers
v0xc2d050_0 .net "s_tmp", 0 0, L_0xc34560;  1 drivers
S_0xc2be20 .scope module, "h0" "halfadder" 3 27, 3 10 0, S_0xc2bb90;
 .timescale -9 -12;
    .port_info 0 /INPUT 1 "a";
    .port_info 1 /INPUT 1 "b";
    .port_info 2 /OUTPUT 1 "s";
    .port_info 3 /OUTPUT 1 "cout";
L_0xc34560 .functor XOR 1, L_0xc34b50, L_0xc34c80, C4<0>, C4<0>;
L_0xc34690 .functor AND 1, L_0xc34b50, L_0xc34c80, C4<1>, C4<1>;
v0xc2c0c0_0 .net "a", 0 0, L_0xc34b50;  alias, 1 drivers
v0xc2c1a0_0 .net "b", 0 0, L_0xc34c80;  alias, 1 drivers
v0xc2c260_0 .net "cout", 0 0, L_0xc34690;  alias, 1 drivers
v0xc2c330_0 .net "s", 0 0, L_0xc34560;  alias, 1 drivers
S_0xc2c4a0 .scope module, "h1" "halfadder" 3 28, 3 10 0, S_0xc2bb90;
 .timescale -9 -12;
    .port_info 0 /INPUT 1 "a";
    .port_info 1 /INPUT 1 "b";
    .port_info 2 /OUTPUT 1 "s";
    .port_info 3 /OUTPUT 1 "cout";
L_0xc34770 .functor XOR 1, L_0xc34560, L_0xc34020, C4<0>, C4<0>;
L_0xc34900 .functor AND 1, L_0xc34560, L_0xc34020, C4<1>, C4<1>;
v0xc2c710_0 .net "a", 0 0, L_0xc34560;  alias, 1 drivers
v0xc2c7e0_0 .net "b", 0 0, L_0xc34020;  alias, 1 drivers
v0xc2c8d0_0 .net "cout", 0 0, L_0xc34900;  alias, 1 drivers
v0xc2c970_0 .net "s", 0 0, L_0xc34770;  alias, 1 drivers
S_0xc2d140 .scope module, "a1" "fulladder" 3 41, 3 20 0, S_0xc2b910;
 .timescale -9 -12;
    .port_info 0 /INPUT 1 "cin";
    .port_info 1 /INPUT 1 "a";
    .port_info 2 /INPUT 1 "b";
    .port_info 3 /OUTPUT 1 "s";
    .port_info 4 /OUTPUT 1 "cout";
L_0xc350f0 .functor OR 1, L_0xc34e40, L_0xc35060, C4<0>, C4<0>;
v0xc2e030_0 .net "a", 0 0, L_0xc351f0;  1 drivers
v0xc2e0f0_0 .net "b", 0 0, L_0xc35320;  1 drivers
v0xc2e1c0_0 .net "cin", 0 0, L_0xc34aa0;  alias, 1 drivers
v0xc2e2e0_0 .net "cout", 0 0, L_0xc350f0;  alias, 1 drivers
v0xc2e380_0 .net "cout_tmp1", 0 0, L_0xc34e40;  1 drivers
v0xc2e470_0 .net "cout_tmp2", 0 0, L_0xc35060;  1 drivers
v0xc2e510_0 .net "s", 0 0, L_0xc34ed0;  1 drivers
v0xc2e5e0_0 .net "s_tmp", 0 0, L_0xc34db0;  1 drivers
S_0xc2d3c0 .scope module, "h0" "halfadder" 3 27, 3 10 0, S_0xc2d140;
 .timescale -9 -12;
    .port_info 0 /INPUT 1 "a";
    .port_info 1 /INPUT 1 "b";
    .port_info 2 /OUTPUT 1 "s";
    .port_info 3 /OUTPUT 1 "cout";
L_0xc34db0 .functor XOR 1, L_0xc351f0, L_0xc35320, C4<0>, C4<0>;
L_0xc34e40 .functor AND 1, L_0xc351f0, L_0xc35320, C4<1>, C4<1>;
v0xc2d640_0 .net "a", 0 0, L_0xc351f0;  alias, 1 drivers
v0xc2d720_0 .net "b", 0 0, L_0xc35320;  alias, 1 drivers
v0xc2d7e0_0 .net "cout", 0 0, L_0xc34e40;  alias, 1 drivers
v0xc2d8b0_0 .net "s", 0 0, L_0xc34db0;  alias, 1 drivers
S_0xc2da20 .scope module, "h1" "halfadder" 3 28, 3 10 0, S_0xc2d140;
 .timescale -9 -12;
    .port_info 0 /INPUT 1 "a";
    .port_info 1 /INPUT 1 "b";
    .port_info 2 /OUTPUT 1 "s";
    .port_info 3 /OUTPUT 1 "cout";
L_0xc34ed0 .functor XOR 1, L_0xc34db0, L_0xc34aa0, C4<0>, C4<0>;
L_0xc35060 .functor AND 1, L_0xc34db0, L_0xc34aa0, C4<1>, C4<1>;
v0xc2dc90_0 .net "a", 0 0, L_0xc34db0;  alias, 1 drivers
v0xc2dd60_0 .net "b", 0 0, L_0xc34aa0;  alias, 1 drivers
v0xc2de30_0 .net "cout", 0 0, L_0xc35060;  alias, 1 drivers
v0xc2df00_0 .net "s", 0 0, L_0xc34ed0;  alias, 1 drivers
    .scope S_0xbf97e0;
T_1 ;
    %vpi_call 2 52 "$dumpfile", "rca.vcd" {0 0 0};
    %vpi_call 2 53 "$dumpvars" {0 0 0};
    %pushi/vec4 0, 0, 1;
    %store/vec4 v0xc30000_0, 0, 1;
    %pushi/vec4 0, 0, 1;
    %store/vec4 v0xc30780_0, 0, 1;
    %pushi/vec4 0, 0, 32;
    %store/vec4 v0xc30a30_0, 0, 32;
    %pushi/vec4 0, 0, 32;
    %store/vec4 v0xc311c0_0, 0, 32;
    %delay 100000, 0;
    %pushi/vec4 0, 0, 32;
    %store/vec4 v0xc310e0_0, 0, 32;
T_1.0 ;
    %load/vec4 v0xc310e0_0;
    %cmpi/s 3, 0, 32;
    %flag_or 5, 4;
    %jmp/0xz T_1.1, 5;
    %load/vec4 v0xc310e0_0;
    %parti/s 1, 0, 2;
    %store/vec4 v0xc30000_0, 0, 1;
    %load/vec4 v0xc310e0_0;
    %parti/s 1, 1, 2;
    %store/vec4 v0xc30780_0, 0, 1;
    %delay 6000, 0;
    %load/vec4 v0xc311c0_0;
    %addi 2, 0, 32;
    %store/vec4 v0xc311c0_0, 0, 32;
    %load/vec4 v0xc310e0_0;
    %dup/vec4;
    %pushi/vec4 0, 0, 32;
    %cmp/u;
    %jmp/1 T_1.2, 6;
    %dup/vec4;
    %pushi/vec4 3, 0, 32;
    %cmp/u;
    %jmp/1 T_1.3, 6;
    %dup/vec4;
    %pushi/vec4 1, 0, 32;
    %cmp/u;
    %jmp/1 T_1.4, 6;
    %dup/vec4;
    %pushi/vec4 2, 0, 32;
    %cmp/u;
    %jmp/1 T_1.5, 6;
    %jmp T_1.6;
T_1.2 ;
    %load/vec4 v0xc305e0_0;
    %pad/u 32;
    %cmpi/ne 0, 0, 32;
    %jmp/0xz  T_1.7, 6;
    %load/vec4 v0xc30a30_0;
    %cmpi/s 15, 0, 32;
    %jmp/0xz  T_1.9, 5;
    %vpi_call 2 78 "$display", "[halfadder] ERROR: %b + %b should produce sum=0 but was %b instead", v0xc30000_0, v0xc30780_0, v0xc305e0_0 {0 0 0};
T_1.9 ;
    %load/vec4 v0xc30a30_0;
    %addi 1, 0, 32;
    %store/vec4 v0xc30a30_0, 0, 32;
T_1.7 ;
    %jmp T_1.6;
T_1.3 ;
    %load/vec4 v0xc305e0_0;
    %pad/u 32;
    %cmpi/ne 0, 0, 32;
    %jmp/0xz  T_1.11, 6;
    %load/vec4 v0xc30a30_0;
    %cmpi/s 15, 0, 32;
    %jmp/0xz  T_1.13, 5;
    %vpi_call 2 78 "$display", "[halfadder] ERROR: %b + %b should produce sum=0 but was %b instead", v0xc30000_0, v0xc30780_0, v0xc305e0_0 {0 0 0};
T_1.13 ;
    %load/vec4 v0xc30a30_0;
    %addi 1, 0, 32;
    %store/vec4 v0xc30a30_0, 0, 32;
T_1.11 ;
    %jmp T_1.6;
T_1.4 ;
    %load/vec4 v0xc305e0_0;
    %pad/u 32;
    %cmpi/ne 1, 0, 32;
    %jmp/0xz  T_1.15, 6;
    %load/vec4 v0xc30a30_0;
    %cmpi/s 15, 0, 32;
    %jmp/0xz  T_1.17, 5;
    %vpi_call 2 85 "$display", "[halfadder] ERROR: %b + %b should produce sum=1 but was %b instead", v0xc30000_0, v0xc30780_0, v0xc305e0_0 {0 0 0};
T_1.17 ;
    %load/vec4 v0xc30a30_0;
    %addi 1, 0, 32;
    %store/vec4 v0xc30a30_0, 0, 32;
T_1.15 ;
    %jmp T_1.6;
T_1.5 ;
    %load/vec4 v0xc305e0_0;
    %pad/u 32;
    %cmpi/ne 1, 0, 32;
    %jmp/0xz  T_1.19, 6;
    %load/vec4 v0xc30a30_0;
    %cmpi/s 15, 0, 32;
    %jmp/0xz  T_1.21, 5;
    %vpi_call 2 85 "$display", "[halfadder] ERROR: %b + %b should produce sum=1 but was %b instead", v0xc30000_0, v0xc30780_0, v0xc305e0_0 {0 0 0};
T_1.21 ;
    %load/vec4 v0xc30a30_0;
    %addi 1, 0, 32;
    %store/vec4 v0xc30a30_0, 0, 32;
T_1.19 ;
    %jmp T_1.6;
T_1.6 ;
    %pop/vec4 1;
    %load/vec4 v0xc310e0_0;
    %cmpi/s 3, 0, 32;
    %flag_get/vec4 5;
    %pushi/vec4 0, 0, 32;
    %load/vec4 v0xc30540_0;
    %pad/u 32;
    %cmp/ne;
    %flag_get/vec4 6;
    %and;
    %flag_set/vec4 8;
    %jmp/0xz  T_1.23, 8;
    %load/vec4 v0xc30a30_0;
    %cmpi/s 15, 0, 32;
    %jmp/0xz  T_1.25, 5;
    %vpi_call 2 94 "$display", "[halfadder] ERROR: %b + %b should produce cout=0 but was %b instead", v0xc30000_0, v0xc30780_0, v0xc30540_0 {0 0 0};
T_1.25 ;
    %load/vec4 v0xc30a30_0;
    %addi 1, 0, 32;
    %store/vec4 v0xc30a30_0, 0, 32;
T_1.23 ;
    %load/vec4 v0xc310e0_0;
    %pushi/vec4 3, 0, 32;
    %cmp/e;
    %flag_get/vec4 4;
    %pushi/vec4 1, 0, 32;
    %load/vec4 v0xc30540_0;
    %pad/u 32;
    %cmp/ne;
    %flag_get/vec4 6;
    %and;
    %flag_set/vec4 8;
    %jmp/0xz  T_1.27, 8;
    %load/vec4 v0xc30a30_0;
    %cmpi/s 15, 0, 32;
    %jmp/0xz  T_1.29, 5;
    %vpi_call 2 100 "$display", "[halfadder] ERROR: %b + %b should produce cout=1 but was %b instead", v0xc30000_0, v0xc30780_0, v0xc30540_0 {0 0 0};
T_1.29 ;
    %load/vec4 v0xc30a30_0;
    %addi 1, 0, 32;
    %store/vec4 v0xc30a30_0, 0, 32;
T_1.27 ;
    %load/vec4 v0xc310e0_0;
    %addi 1, 0, 32;
    %store/vec4 v0xc310e0_0, 0, 32;
    %jmp T_1.0;
T_1.1 ;
    %pushi/vec4 0, 0, 32;
    %store/vec4 v0xc310e0_0, 0, 32;
T_1.31 ;
    %load/vec4 v0xc310e0_0;
    %cmpi/s 7, 0, 32;
    %flag_or 5, 4;
    %jmp/0xz T_1.32, 5;
    %load/vec4 v0xc310e0_0;
    %parti/s 1, 0, 2;
    %store/vec4 v0xc30000_0, 0, 1;
    %load/vec4 v0xc310e0_0;
    %parti/s 1, 1, 2;
    %store/vec4 v0xc30780_0, 0, 1;
    %load/vec4 v0xc310e0_0;
    %parti/s 1, 2, 3;
    %store/vec4 v0xc30990_0, 0, 1;
    %delay 6000, 0;
    %load/vec4 v0xc311c0_0;
    %addi 2, 0, 32;
    %store/vec4 v0xc311c0_0, 0, 32;
    %load/vec4 v0xc30e80_0;
    %load/vec4 v0xc30380_0;
    %cmp/ne;
    %jmp/0xz  T_1.33, 6;
    %load/vec4 v0xc30a30_0;
    %cmpi/s 15, 0, 32;
    %jmp/0xz  T_1.35, 5;
    %vpi_call 2 120 "$display", "[fulladder] ERROR: %b + %b should produce cout=%b but was %b instead", v0xc30000_0, v0xc30780_0, v0xc30e80_0, v0xc30380_0 {0 0 0};
T_1.35 ;
    %load/vec4 v0xc30a30_0;
    %addi 1, 0, 32;
    %store/vec4 v0xc30a30_0, 0, 32;
T_1.33 ;
    %load/vec4 v0xc30f40_0;
    %load/vec4 v0xc30450_0;
    %cmp/ne;
    %jmp/0xz  T_1.37, 6;
    %load/vec4 v0xc30a30_0;
    %cmpi/s 15, 0, 32;
    %jmp/0xz  T_1.39, 5;
    %vpi_call 2 126 "$display", "[fulladder] ERROR: %b + %b should produce sum=%b but was %b instead", v0xc30000_0, v0xc30780_0, v0xc30f40_0, v0xc30450_0 {0 0 0};
T_1.39 ;
    %load/vec4 v0xc30a30_0;
    %addi 1, 0, 32;
    %store/vec4 v0xc30a30_0, 0, 32;
T_1.37 ;
    %load/vec4 v0xc310e0_0;
    %addi 1, 0, 32;
    %store/vec4 v0xc310e0_0, 0, 32;
    %jmp T_1.31;
T_1.32 ;
    %pushi/vec4 0, 0, 32;
    %store/vec4 v0xc310e0_0, 0, 32;
T_1.41 ;
    %load/vec4 v0xc310e0_0;
    %cmpi/s 31, 0, 32;
    %flag_or 5, 4;
    %jmp/0xz T_1.42, 5;
    %load/vec4 v0xc310e0_0;
    %parti/s 2, 0, 2;
    %store/vec4 v0xc300a0_0, 0, 2;
    %load/vec4 v0xc310e0_0;
    %parti/s 2, 2, 3;
    %store/vec4 v0xc30820_0, 0, 2;
    %load/vec4 v0xc310e0_0;
    %parti/s 1, 4, 4;
    %store/vec4 v0xc30990_0, 0, 1;
    %delay 6000, 0;
    %load/vec4 v0xc311c0_0;
    %addi 2, 0, 32;
    %store/vec4 v0xc311c0_0, 0, 32;
    %load/vec4 v0xc30ad0_0;
    %load/vec4 v0xc30220_0;
    %cmp/ne;
    %jmp/0xz  T_1.43, 6;
    %load/vec4 v0xc30a30_0;
    %cmpi/s 15, 0, 32;
    %jmp/0xz  T_1.45, 5;
    %vpi_call 2 145 "$display", "[fulladder2] ERROR: %b + %b should produce cout=%b but was %b instead", v0xc300a0_0, v0xc30820_0, v0xc30ad0_0, v0xc30220_0 {0 0 0};
T_1.45 ;
    %load/vec4 v0xc30a30_0;
    %addi 1, 0, 32;
    %store/vec4 v0xc30a30_0, 0, 32;
T_1.43 ;
    %load/vec4 v0xc30da0_0;
    %load/vec4 v0xc302c0_0;
    %cmp/ne;
    %jmp/0xz  T_1.47, 6;
    %load/vec4 v0xc30a30_0;
    %cmpi/s 15, 0, 32;
    %jmp/0xz  T_1.49, 5;
    %vpi_call 2 151 "$display", "[fulladder2] ERROR: %b + %b should produce sum=%b but was %b instead", v0xc300a0_0, v0xc30820_0, v0xc30da0_0, v0xc302c0_0 {0 0 0};
T_1.49 ;
    %load/vec4 v0xc30a30_0;
    %addi 1, 0, 32;
    %store/vec4 v0xc30a30_0, 0, 32;
T_1.47 ;
    %load/vec4 v0xc310e0_0;
    %addi 1, 0, 32;
    %store/vec4 v0xc310e0_0, 0, 32;
    %jmp T_1.41;
T_1.42 ;
    %pushi/vec4 0, 0, 32;
    %store/vec4 v0xc310e0_0, 0, 32;
T_1.51 ;
    %load/vec4 v0xc310e0_0;
    %cmpi/s 255, 0, 32;
    %flag_or 5, 4;
    %jmp/0xz T_1.52, 5;
    %load/vec4 v0xc310e0_0;
    %parti/s 4, 0, 2;
    %store/vec4 v0xc30160_0, 0, 4;
    %load/vec4 v0xc310e0_0;
    %parti/s 4, 4, 4;
    %store/vec4 v0xc308f0_0, 0, 4;
    %delay 6000, 0;
    %load/vec4 v0xc311c0_0;
    %addi 1, 0, 32;
    %store/vec4 v0xc311c0_0, 0, 32;
    %load/vec4 v0xc31000_0;
    %pad/u 8;
    %load/vec4 v0xc306b0_0;
    %cmp/ne;
    %jmp/0xz  T_1.53, 6;
    %load/vec4 v0xc30a30_0;
    %cmpi/s 15, 0, 32;
    %jmp/0xz  T_1.55, 5;
    %vpi_call 2 170 "$display", "[rca4] ERROR: %b + %b should produce sum=%b but was %b instead", v0xc30160_0, v0xc308f0_0, v0xc31000_0, v0xc306b0_0 {0 0 0};
T_1.55 ;
    %load/vec4 v0xc30a30_0;
    %addi 1, 0, 32;
    %store/vec4 v0xc30a30_0, 0, 32;
T_1.53 ;
    %load/vec4 v0xc310e0_0;
    %addi 1, 0, 32;
    %store/vec4 v0xc310e0_0, 0, 32;
    %jmp T_1.51;
T_1.52 ;
    %load/vec4 v0xc30a30_0;
    %cmpi/s 15, 0, 32;
    %flag_or 5, 4; GT is !LE
    %flag_inv 5;
    %jmp/0xz  T_1.57, 5;
    %load/vec4 v0xc30a30_0;
    %subi 15, 0, 32;
    %vpi_call 2 177 "$display", "Additional %d errors NOT printed.", S<0,vec4,s32> {1 0 0};
T_1.57 ;
    %vpi_call 2 179 "$display", "Simulation finished: %d test cases %d errors", v0xc311c0_0, v0xc30a30_0 {0 0 0};
    %load/vec4 v0xc311c0_0;
    %store/vec4 v0xc28280_0, 0, 32;
    %load/vec4 v0xc311c0_0;
    %load/vec4 v0xc30a30_0;
    %sub;
    %store/vec4 v0xc28180_0, 0, 32;
    %fork TD_test_adders.printPoints, S_0xc27fa0;
    %join;
    %vpi_call 2 181 "$finish" {0 0 0};
    %end;
    .thread T_1;
# The file index is used to find the file name in the following table.
:file_names 5;
    "N/A";
    "<interactive>";
    "rca_testbench.v";
    "rca.v";
    "./print_points.v";
